#! 
:ivl_version "13.0 (devel)" "(s20221226-103-g418bbc14b)";
:ivl_delay_selection "TYPICAL";
:vpi_time_precision + 0;
:vpi_module "C:\Users\alvar\DOCUME~1\OSS-CA~1\lib\ivl\system.vpi";
:vpi_module "C:\Users\alvar\DOCUME~1\OSS-CA~1\lib\ivl\vhdl_sys.vpi";
:vpi_module "C:\Users\alvar\DOCUME~1\OSS-CA~1\lib\ivl\vhdl_textio.vpi";
:vpi_module "C:\Users\alvar\DOCUME~1\OSS-CA~1\lib\ivl\v2005_math.vpi";
:vpi_module "C:\Users\alvar\DOCUME~1\OSS-CA~1\lib\ivl\va_math.vpi";
S_000000000405abe0 .scope module, "tt_um_fsm" "tt_um_fsm" 2 3;
 .timescale 0 0;
    .port_info 0 /INPUT 8 "ui_in";
    .port_info 1 /OUTPUT 8 "uo_out";
    .port_info 2 /INPUT 8 "uio_in";
    .port_info 3 /OUTPUT 8 "uio_out";
    .port_info 4 /OUTPUT 8 "uio_oe";
    .port_info 5 /INPUT 1 "ena";
    .port_info 6 /INPUT 1 "clk";
    .port_info 7 /INPUT 1 "rst_n";
P_00000000040a7b70 .param/l "MAX_COUNT" 0 2 3, C4<100110001001011010000000>;
P_00000000040a7ba8 .param/l "S_COUNT" 1 2 23, C4<001>;
P_00000000040a7be0 .param/l "S_DONE" 1 2 25, C4<011>;
P_00000000040a7c18 .param/l "S_IDLE" 1 2 22, C4<000>;
P_00000000040a7c50 .param/l "S_WAIT" 1 2 24, C4<010>;
L_00000000040bba60 .functor BUFZ 8, v000000000405ae10_0, C4<00000000>, C4<00000000>, C4<00000000>;
L_000000000410d870 .functor BUFT 1, C4<00000>, C4<0>, C4<0>, C4<0>;
v0000000004056d80_0 .net *"_ivl_9", 4 0, L_000000000410d870;  1 drivers
o00000000040c0fe8 .functor BUFZ 1, C4<z>; HiZ drive
v00000000040570f0_0 .net "clk", 0 0, o00000000040c0fe8;  0 drivers
v0000000004056b10_0 .var "counter", 7 0;
o00000000040c1048 .functor BUFZ 1, C4<z>; HiZ drive
v000000000405ad70_0 .net "ena", 0 0, o00000000040c1048;  0 drivers
v000000000405ae10_0 .var "led_out", 7 0;
v000000000405b950_0 .net "reset", 0 0, L_00000000040b3fb0;  1 drivers
o00000000040c10d8 .functor BUFZ 1, C4<z>; HiZ drive
v000000000405b9f0_0 .net "rst_n", 0 0, o00000000040c10d8;  0 drivers
v000000000405ba90_0 .var "state_reg", 2 0;
o00000000040c1138 .functor BUFZ 8, C4<zzzzzzzz>; HiZ drive
v000000000405bb30_0 .net "ui_in", 7 0, o00000000040c1138;  0 drivers
o00000000040c1168 .functor BUFZ 8, C4<zzzzzzzz>; HiZ drive
v000000000405bbd0_0 .net "uio_in", 7 0, o00000000040c1168;  0 drivers
L_000000000410d828 .functor BUFT 1, C4<11111111>, C4<0>, C4<0>, C4<0>;
v00000000040b38d0_0 .net "uio_oe", 7 0, L_000000000410d828;  1 drivers
v00000000040b3ab0_0 .net "uio_out", 7 0, L_00000000040b36f0;  1 drivers
v00000000040b3e70_0 .net "uo_out", 7 0, L_00000000040bba60;  1 drivers
E_0000000004059650/0 .event negedge, v00000000040570f0_0;
E_0000000004059650/1 .event posedge, v00000000040570f0_0;
E_0000000004059650 .event/or E_0000000004059650/0, E_0000000004059650/1;
E_0000000004059690/0 .event negedge, v000000000405b950_0;
E_0000000004059690/1 .event posedge, v00000000040570f0_0;
E_0000000004059690 .event/or E_0000000004059690/0, E_0000000004059690/1;
L_00000000040b3fb0 .reduce/nor o00000000040c10d8;
L_00000000040b36f0 .concat [ 3 5 0 0], v000000000405ba90_0, L_000000000410d870;
    .scope S_000000000405abe0;
T_0 ;
    %pushi/vec4 0, 0, 8;
    %store/vec4 v0000000004056b10_0, 0, 8;
    %end;
    .thread T_0;
    .scope S_000000000405abe0;
T_1 ;
    %wait E_0000000004059690;
    %load/vec4 v000000000405b950_0;
    %flag_set/vec4 8;
    %jmp/0xz  T_1.0, 8;
    %pushi/vec4 0, 0, 3;
    %assign/vec4 v000000000405ba90_0, 0;
    %jmp T_1.1;
T_1.0 ;
    %load/vec4 v000000000405ba90_0;
    %dup/vec4;
    %pushi/vec4 0, 0, 3;
    %cmp/u;
    %jmp/1 T_1.2, 6;
    %dup/vec4;
    %pushi/vec4 1, 0, 3;
    %cmp/u;
    %jmp/1 T_1.3, 6;
    %dup/vec4;
    %pushi/vec4 2, 0, 3;
    %cmp/u;
    %jmp/1 T_1.4, 6;
    %dup/vec4;
    %pushi/vec4 3, 0, 3;
    %cmp/u;
    %jmp/1 T_1.5, 6;
    %pushi/vec4 0, 0, 3;
    %assign/vec4 v000000000405ba90_0, 0;
    %jmp T_1.7;
T_1.2 ;
    %load/vec4 v000000000405ad70_0;
    %flag_set/vec4 8;
    %jmp/0xz  T_1.8, 8;
    %pushi/vec4 1, 0, 3;
    %assign/vec4 v000000000405ba90_0, 0;
    %jmp T_1.9;
T_1.8 ;
    %pushi/vec4 0, 0, 3;
    %assign/vec4 v000000000405ba90_0, 0;
T_1.9 ;
    %jmp T_1.7;
T_1.3 ;
    %load/vec4 v0000000004056b10_0;
    %cmpi/e 3, 0, 8;
    %jmp/0xz  T_1.10, 4;
    %pushi/vec4 2, 0, 3;
    %assign/vec4 v000000000405ba90_0, 0;
    %jmp T_1.11;
T_1.10 ;
    %pushi/vec4 1, 0, 3;
    %assign/vec4 v000000000405ba90_0, 0;
T_1.11 ;
    %jmp T_1.7;
T_1.4 ;
    %load/vec4 v000000000405ad70_0;
    %flag_set/vec4 8;
    %jmp/0xz  T_1.12, 8;
    %pushi/vec4 3, 0, 3;
    %assign/vec4 v000000000405ba90_0, 0;
    %jmp T_1.13;
T_1.12 ;
    %pushi/vec4 2, 0, 3;
    %assign/vec4 v000000000405ba90_0, 0;
T_1.13 ;
    %jmp T_1.7;
T_1.5 ;
    %load/vec4 v000000000405ad70_0;
    %flag_set/vec4 8;
    %jmp/0xz  T_1.14, 8;
    %pushi/vec4 0, 0, 3;
    %assign/vec4 v000000000405ba90_0, 0;
    %jmp T_1.15;
T_1.14 ;
    %pushi/vec4 3, 0, 3;
    %assign/vec4 v000000000405ba90_0, 0;
T_1.15 ;
    %jmp T_1.7;
T_1.7 ;
    %pop/vec4 1;
T_1.1 ;
    %jmp T_1;
    .thread T_1;
    .scope S_000000000405abe0;
T_2 ;
    %wait E_0000000004059650;
    %load/vec4 v000000000405ba90_0;
    %dup/vec4;
    %pushi/vec4 0, 0, 3;
    %cmp/u;
    %jmp/1 T_2.0, 6;
    %dup/vec4;
    %pushi/vec4 1, 0, 3;
    %cmp/u;
    %jmp/1 T_2.1, 6;
    %dup/vec4;
    %pushi/vec4 2, 0, 3;
    %cmp/u;
    %jmp/1 T_2.2, 6;
    %dup/vec4;
    %pushi/vec4 3, 0, 3;
    %cmp/u;
    %jmp/1 T_2.3, 6;
    %pushi/vec4 17, 0, 8;
    %store/vec4 v000000000405ae10_0, 0, 8;
    %jmp T_2.5;
T_2.0 ;
    %pushi/vec4 0, 0, 8;
    %store/vec4 v0000000004056b10_0, 0, 8;
    %pushi/vec4 0, 0, 8;
    %store/vec4 v000000000405ae10_0, 0, 8;
    %jmp T_2.5;
T_2.1 ;
    %load/vec4 v0000000004056b10_0;
    %addi 1, 0, 8;
    %assign/vec4 v0000000004056b10_0, 0;
    %pushi/vec4 10, 0, 8;
    %store/vec4 v000000000405ae10_0, 0, 8;
    %jmp T_2.5;
T_2.2 ;
    %pushi/vec4 5, 0, 8;
    %store/vec4 v000000000405ae10_0, 0, 8;
    %jmp T_2.5;
T_2.3 ;
    %pushi/vec4 15, 0, 8;
    %store/vec4 v000000000405ae10_0, 0, 8;
    %jmp T_2.5;
T_2.5 ;
    %pop/vec4 1;
    %jmp T_2;
    .thread T_2;
# The file index is used to find the file name in the following table.
:file_names 3;
    "N/A";
    "<interactive>";
    "tt_um_fsm.v";
